<?xml version="1.0" encoding="UTF-8"?>
<!-- Generated by org.testng.reporters.JUnitReportReporter -->
<testsuite hostname="WL-8YMMFX3" failures="0" tests="1" name="testCases.SummitRegistrationTest" time="17.280" errors="0" timestamp="2024-09-21T13:57:28 IST" skipped="0">
  <testcase classname="testCases.SummitRegistrationTest" name="registerForSummitTest" time="17.280"/>
  <system-out/>
</testsuite> <!-- testCases.SummitRegistrationTest -->
