<?xml version="1.0" encoding="UTF-8"?>
<!-- Generated by org.testng.reporters.JUnitReportReporter -->
<testsuite hostname="WL-8YMMFX3" failures="0" tests="1" name="testCases.Products_AccountingLinksTest" time="22.577" errors="0" timestamp="2024-09-22T11:49:14 IST" skipped="0">
  <testcase classname="testCases.Products_AccountingLinksTest" name="linksTest" time="22.577"/>
</testsuite> <!-- testCases.Products_AccountingLinksTest -->
