<?xml version="1.0" encoding="UTF-8"?>
<!-- Generated by org.testng.reporters.JUnitReportReporter -->
<testsuite hostname="WL-8YMMFX3" failures="0" tests="1" name="testCases.FirstTestCase" time="5.962" errors="0" timestamp="2024-09-21T12:17:53 IST" skipped="0">
  <testcase classname="testCases.FirstTestCase" name="testFillDetailsFromExcel" time="5.962"/>
  <system-out/>
</testsuite> <!-- testCases.FirstTestCase -->
