<?xml version="1.0" encoding="UTF-8"?>
<!-- Generated by org.testng.reporters.JUnitReportReporter -->
<testsuite hostname="WL-8YMMFX3" failures="0" tests="4" name="testCases.Products_AccountingLinksTest" time="71.469" errors="0" timestamp="2024-09-22T12:32:49 IST" skipped="0">
  <testcase classname="testCases.Products_AccountingLinksTest" name="Bill_PayLinkTest" time="17.678"/>
  <testcase classname="testCases.Products_AccountingLinksTest" name="Budgeting_linksTest" time="17.338"/>
  <testcase classname="testCases.Products_AccountingLinksTest" name="General_AccountingLinkTest" time="19.526"/>
  <testcase classname="testCases.Products_AccountingLinksTest" name="JobCostingLinkTest" time="16.927"/>
</testsuite> <!-- testCases.Products_AccountingLinksTest -->
