<?xml version="1.0" encoding="UTF-8"?>
<!-- Generated by org.testng.reporters.JUnitReportReporter -->
<testsuite hostname="WL-8YMMFX3" failures="0" tests="1" name="testCases.SummitRegistrationTest" time="25.960" errors="0" timestamp="2024-09-22T11:49:14 IST" skipped="0">
  <testcase classname="testCases.SummitRegistrationTest" name="registerForSummitTest" time="25.960"/>
</testsuite> <!-- testCases.SummitRegistrationTest -->
