<?xml version="1.0" encoding="UTF-8"?>
<!-- Generated by org.testng.reporters.JUnitReportReporter -->
<testsuite hostname="WL-8YMMFX3" failures="0" tests="2" name="testCases.HomePageTest" time="29.012" errors="0" timestamp="2024-09-22T11:49:14 IST" skipped="0">
  <testcase classname="testCases.HomePageTest" name="isDemoButtonWorks" time="12.666"/>
  <testcase classname="testCases.HomePageTest" name="testFillDetailsFromExcel" time="16.346"/>
</testsuite> <!-- testCases.HomePageTest -->
