<?xml version="1.0" encoding="UTF-8"?>
<!-- Generated by org.testng.reporters.JUnitReportReporter -->
<testsuite hostname="WL-8YMMFX3" failures="0" tests="1" name="testCases.HomePageTest" time="5.263" errors="0" timestamp="2024-09-21T17:05:55 IST" skipped="0">
  <testcase classname="testCases.HomePageTest" name="testFillDetailsFromExcel" time="5.263"/>
</testsuite> <!-- testCases.HomePageTest -->
